This file contains any messages produced by compilers while
running configure, to aid debugging if configure makes a mistake.

It was created by Samtools configure 1.3.1, which was
generated by GNU Autoconf 2.69.  Invocation command line was

  $ ./configure --without-curses --prefix=/home/sam/trinityrnaseq-Trinity-v2.4.0/trinity-plugins/samtools-1.3.1

## --------- ##
## Platform. ##
## --------- ##

hostname = ubuntu-12
uname -m = x86_64
uname -r = 3.13.0-77-generic
uname -s = Linux
uname -v = #121~precise1-Ubuntu SMP Wed Jan 20 18:02:20 UTC 2016

/usr/bin/uname -p = unknown
/bin/uname -X     = unknown

/bin/arch              = unknown
/usr/bin/arch -k       = unknown
/usr/convex/getsysinfo = unknown
/usr/bin/hostinfo      = unknown
/bin/machine           = unknown
/usr/bin/oslevel       = unknown
/bin/universe          = unknown

PATH: /home/sam/dx-toolkit/bin
PATH: /usr/local/sbin
PATH: /usr/local/bin
PATH: /usr/sbin
PATH: /usr/bin
PATH: /sbin
PATH: /bin
PATH: /usr/games


## ----------- ##
## Core tests. ##
## ----------- ##

configure:1902: checking for gcc
configure:1918: found /usr/bin/gcc
configure:1929: result: gcc
configure:2158: checking for C compiler version
configure:2167: gcc --version >&5
gcc (Ubuntu/Linaro 4.6.3-1ubuntu5) 4.6.3
Copyright (C) 2011 Free Software Foundation, Inc.
This is free software; see the source for copying conditions.  There is NO
warranty; not even for MERCHANTABILITY or FITNESS FOR A PARTICULAR PURPOSE.

configure:2178: $? = 0
configure:2167: gcc -v >&5
Using built-in specs.
COLLECT_GCC=gcc
COLLECT_LTO_WRAPPER=/usr/lib/gcc/x86_64-linux-gnu/4.6/lto-wrapper
Target: x86_64-linux-gnu
Configured with: ../src/configure -v --with-pkgversion='Ubuntu/Linaro 4.6.3-1ubuntu5' --with-bugurl=file:///usr/share/doc/gcc-4.6/README.Bugs --enable-languages=c,c++,fortran,objc,obj-c++ --prefix=/usr --program-suffix=-4.6 --enable-shared --enable-linker-build-id --with-system-zlib --libexecdir=/usr/lib --without-included-gettext --enable-threads=posix --with-gxx-include-dir=/usr/include/c++/4.6 --libdir=/usr/lib --enable-nls --with-sysroot=/ --enable-clocale=gnu --enable-libstdcxx-debug --enable-libstdcxx-time=yes --enable-gnu-unique-object --enable-plugin --enable-objc-gc --disable-werror --with-arch-32=i686 --with-tune=generic --enable-checking=release --build=x86_64-linux-gnu --host=x86_64-linux-gnu --target=x86_64-linux-gnu
Thread model: posix
gcc version 4.6.3 (Ubuntu/Linaro 4.6.3-1ubuntu5) 
configure:2178: $? = 0
configure:2167: gcc -V >&5
gcc: error: unrecognized option '-V'
gcc: fatal error: no input files
compilation terminated.
configure:2178: $? = 4
configure:2167: gcc -qversion >&5
gcc: error: unrecognized option '-qversion'
gcc: fatal error: no input files
compilation terminated.
configure:2178: $? = 4
configure:2198: checking whether the C compiler works
configure:2220: gcc    conftest.c  >&5
configure:2224: $? = 0
configure:2272: result: yes
configure:2275: checking for C compiler default output file name
configure:2277: result: a.out
configure:2283: checking for suffix of executables
configure:2290: gcc -o conftest    conftest.c  >&5
configure:2294: $? = 0
configure:2316: result: 
configure:2338: checking whether we are cross compiling
configure:2346: gcc -o conftest    conftest.c  >&5
configure:2350: $? = 0
configure:2357: ./conftest
configure:2361: $? = 0
configure:2376: result: no
configure:2381: checking for suffix of object files
configure:2403: gcc -c   conftest.c >&5
configure:2407: $? = 0
configure:2428: result: o
configure:2432: checking whether we are using the GNU C compiler
configure:2451: gcc -c   conftest.c >&5
configure:2451: $? = 0
configure:2460: result: yes
configure:2469: checking whether gcc accepts -g
configure:2489: gcc -c -g  conftest.c >&5
configure:2489: $? = 0
configure:2530: result: yes
configure:2547: checking for gcc option to accept ISO C89
configure:2610: gcc  -c -g -O2  conftest.c >&5
configure:2610: $? = 0
configure:2623: result: none needed
configure:2652: checking for special C compiler options needed for large files
configure:2697: result: no
configure:2703: checking for _FILE_OFFSET_BITS value needed for large files
configure:2728: gcc -c -g -O2  conftest.c >&5
configure:2728: $? = 0
configure:2760: result: no
configure:2888: checking location of HTSlib source tree
configure:2909: result: htslib-1.3.1
configure:3866: checking for zlib.h
configure:3866: gcc -c -g -O2  conftest.c >&5
configure:3866: $? = 0
configure:3866: result: yes
configure:3875: checking for inflate in -lz
configure:3900: gcc -o conftest -g -O2   conftest.c -lz   >&5
configure:3900: $? = 0
configure:3909: result: yes
configure:4051: creating ./config.status

## ---------------------- ##
## Running config.status. ##
## ---------------------- ##

This file was extended by Samtools config.status 1.3.1, which was
generated by GNU Autoconf 2.69.  Invocation command line was

  CONFIG_FILES    = 
  CONFIG_HEADERS  = 
  CONFIG_LINKS    = 
  CONFIG_COMMANDS = 
  $ ./config.status 

on ubuntu-12

config.status:793: creating config.mk
config.status:793: creating config.h
configure:5276: === configuring in htslib-1.3.1 (/home/sam/trinityrnaseq-Trinity-v2.4.0/trinity-plugins/samtools-1.3.1/htslib-1.3.1)
configure:5339: running /bin/bash ./configure --disable-option-checking '--prefix=/home/sam/trinityrnaseq-Trinity-v2.4.0/trinity-plugins/samtools-1.3.1'  '--without-curses' --cache-file=/dev/null --srcdir=.

## ---------------- ##
## Cache variables. ##
## ---------------- ##

ac_cv_c_compiler_gnu=yes
ac_cv_env_CC_set=
ac_cv_env_CC_value=
ac_cv_env_CFLAGS_set=
ac_cv_env_CFLAGS_value=
ac_cv_env_CPPFLAGS_set=
ac_cv_env_CPPFLAGS_value=
ac_cv_env_CURSES_LIB_set=
ac_cv_env_CURSES_LIB_value=
ac_cv_env_LDFLAGS_set=
ac_cv_env_LDFLAGS_value=
ac_cv_env_LIBS_set=
ac_cv_env_LIBS_value=
ac_cv_env_build_alias_set=
ac_cv_env_build_alias_value=
ac_cv_env_host_alias_set=
ac_cv_env_host_alias_value=
ac_cv_env_target_alias_set=
ac_cv_env_target_alias_value=
ac_cv_header_zlib_h=yes
ac_cv_lib_z_inflate=yes
ac_cv_objext=o
ac_cv_prog_ac_ct_CC=gcc
ac_cv_prog_cc_c89=
ac_cv_prog_cc_g=yes
ac_cv_sys_file_offset_bits=no
ac_cv_sys_largefile_CC=no
ax_cv_htslib=yes
ax_cv_htslib_which=source

## ----------------- ##
## Output variables. ##
## ----------------- ##

CC='gcc'
CFLAGS='-g -O2'
CPPFLAGS=''
CURSES_LIB=''
DEFS='-DHAVE_CONFIG_H'
ECHO_C=''
ECHO_N='-n'
ECHO_T=''
EXEEXT=''
HTSDIR='htslib-1.3.1'
HTSLIB_CPPFLAGS='-Ihtslib-1.3.1'
HTSLIB_LDFLAGS='-Lhtslib-1.3.1'
Hinstall='#'
Hsource=''
LDFLAGS=''
LIBOBJS=''
LIBS=''
LTLIBOBJS=''
OBJEXT='o'
PACKAGE_BUGREPORT='samtools-help@lists.sourceforge.net'
PACKAGE_NAME='Samtools'
PACKAGE_STRING='Samtools 1.3.1'
PACKAGE_TARNAME='samtools'
PACKAGE_URL='http://www.htslib.org/'
PACKAGE_VERSION='1.3.1'
PATH_SEPARATOR=':'
SHELL='/bin/bash'
ac_ct_CC='gcc'
bindir='${exec_prefix}/bin'
build_alias=''
datadir='${datarootdir}'
datarootdir='${prefix}/share'
docdir='${datarootdir}/doc/${PACKAGE_TARNAME}'
dvidir='${docdir}'
exec_prefix='${prefix}'
host_alias=''
htmldir='${docdir}'
includedir='${prefix}/include'
infodir='${datarootdir}/info'
libdir='${exec_prefix}/lib'
libexecdir='${exec_prefix}/libexec'
localedir='${datarootdir}/locale'
localstatedir='${prefix}/var'
mandir='${datarootdir}/man'
oldincludedir='/usr/include'
pdfdir='${docdir}'
prefix='/home/sam/trinityrnaseq-Trinity-v2.4.0/trinity-plugins/samtools-1.3.1'
program_transform_name='s,x,x,'
psdir='${docdir}'
sbindir='${exec_prefix}/sbin'
sharedstatedir='${prefix}/com'
subdirs=' htslib-1.3.1'
sysconfdir='${prefix}/etc'
target_alias=''

## ----------- ##
## confdefs.h. ##
## ----------- ##

/* confdefs.h */
#define PACKAGE_NAME "Samtools"
#define PACKAGE_TARNAME "samtools"
#define PACKAGE_VERSION "1.3.1"
#define PACKAGE_STRING "Samtools 1.3.1"
#define PACKAGE_BUGREPORT "samtools-help@lists.sourceforge.net"
#define PACKAGE_URL "http://www.htslib.org/"
#define HAVE_LIBZ 1

configure: exit 0
